<?xml version="1.0" encoding="UTF-8"?>
<testsuite xmlns:xsi="http://www.w3.org/2001/XMLSchema-instance" xsi:noNamespaceSchemaLocation="https://maven.apache.org/surefire/maven-surefire-plugin/xsd/surefire-test-report-3.0.xsd" version="3.0" name="project.TestAccountService" time="0.179" tests="4" errors="0" skipped="0" failures="0">
  <properties>
    <property name="java.specification.version" value="17"/>
    <property name="sun.cpu.isalist" value="amd64"/>
    <property name="sun.jnu.encoding" value="MS949"/>
    <property name="java.class.path" value="C:\Users\Chael_\eclipse-workspace\project\target\test-classes;C:\Users\Chael_\eclipse-workspace\project\target\classes;C:\Users\Chael_\.m2\repository\org\easymock\easymock\3.0\easymock-3.0.jar;C:\Users\Chael_\.m2\repository\cglib\cglib-nodep\2.2\cglib-nodep-2.2.jar;C:\Users\Chael_\.m2\repository\org\objenesis\objenesis\1.2\objenesis-1.2.jar;C:\Users\Chael_\.m2\repository\org\seleniumhq\selenium\selenium-java\3.13.0\selenium-java-3.13.0.jar;C:\Users\Chael_\.m2\repository\org\seleniumhq\selenium\selenium-api\3.13.0\selenium-api-3.13.0.jar;C:\Users\Chael_\.m2\repository\org\seleniumhq\selenium\selenium-chrome-driver\3.13.0\selenium-chrome-driver-3.13.0.jar;C:\Users\Chael_\.m2\repository\org\seleniumhq\selenium\selenium-edge-driver\3.13.0\selenium-edge-driver-3.13.0.jar;C:\Users\Chael_\.m2\repository\org\seleniumhq\selenium\selenium-firefox-driver\3.13.0\selenium-firefox-driver-3.13.0.jar;C:\Users\Chael_\.m2\repository\org\seleniumhq\selenium\selenium-ie-driver\3.13.0\selenium-ie-driver-3.13.0.jar;C:\Users\Chael_\.m2\repository\org\seleniumhq\selenium\selenium-opera-driver\3.13.0\selenium-opera-driver-3.13.0.jar;C:\Users\Chael_\.m2\repository\org\seleniumhq\selenium\selenium-remote-driver\3.13.0\selenium-remote-driver-3.13.0.jar;C:\Users\Chael_\.m2\repository\org\seleniumhq\selenium\selenium-safari-driver\3.13.0\selenium-safari-driver-3.13.0.jar;C:\Users\Chael_\.m2\repository\org\seleniumhq\selenium\selenium-support\3.13.0\selenium-support-3.13.0.jar;C:\Users\Chael_\.m2\repository\net\bytebuddy\byte-buddy\1.8.3\byte-buddy-1.8.3.jar;C:\Users\Chael_\.m2\repository\org\apache\commons\commons-exec\1.3\commons-exec-1.3.jar;C:\Users\Chael_\.m2\repository\commons-codec\commons-codec\1.10\commons-codec-1.10.jar;C:\Users\Chael_\.m2\repository\commons-logging\commons-logging\1.2\commons-logging-1.2.jar;C:\Users\Chael_\.m2\repository\com\google\code\gson\gson\2.8.4\gson-2.8.4.jar;C:\Users\Chael_\.m2\repository\com\google\guava\guava\25.0-jre\guava-25.0-jre.jar;C:\Users\Chael_\.m2\repository\com\google\code\findbugs\jsr305\1.3.9\jsr305-1.3.9.jar;C:\Users\Chael_\.m2\repository\org\checkerframework\checker-compat-qual\2.0.0\checker-compat-qual-2.0.0.jar;C:\Users\Chael_\.m2\repository\com\google\errorprone\error_prone_annotations\2.1.3\error_prone_annotations-2.1.3.jar;C:\Users\Chael_\.m2\repository\com\google\j2objc\j2objc-annotations\1.1\j2objc-annotations-1.1.jar;C:\Users\Chael_\.m2\repository\org\codehaus\mojo\animal-sniffer-annotations\1.14\animal-sniffer-annotations-1.14.jar;C:\Users\Chael_\.m2\repository\org\apache\httpcomponents\httpclient\4.5.5\httpclient-4.5.5.jar;C:\Users\Chael_\.m2\repository\org\apache\httpcomponents\httpcore\4.4.9\httpcore-4.4.9.jar;C:\Users\Chael_\.m2\repository\com\squareup\okhttp3\okhttp\3.10.0\okhttp-3.10.0.jar;C:\Users\Chael_\.m2\repository\com\squareup\okio\okio\1.14.1\okio-1.14.1.jar;C:\Users\Chael_\.m2\repository\org\testng\testng\6.13.1\testng-6.13.1.jar;C:\Users\Chael_\.m2\repository\com\beust\jcommander\1.72\jcommander-1.72.jar;C:\Users\Chael_\.m2\repository\org\assertj\assertj-core\3.20.2\assertj-core-3.20.2.jar;C:\Users\Chael_\.m2\repository\junit\junit\4.12\junit-4.12.jar;C:\Users\Chael_\.m2\repository\org\hamcrest\hamcrest-library\1.3\hamcrest-library-1.3.jar;C:\Users\Chael_\.m2\repository\org\hamcrest\hamcrest-core\1.3\hamcrest-core-1.3.jar;"/>
    <property name="java.vm.vendor" value="Eclipse Adoptium"/>
    <property name="sun.arch.data.model" value="64"/>
    <property name="user.variant" value=""/>
    <property name="java.vendor.url" value="https://adoptium.net/"/>
    <property name="user.timezone" value="Asia/Seoul"/>
    <property name="os.name" value="Windows 10"/>
    <property name="java.vm.specification.version" value="17"/>
    <property name="sun.java.launcher" value="SUN_STANDARD"/>
    <property name="user.country" value="KR"/>
    <property name="sun.boot.library.path" value="C:\Users\Chael_\.p2\pool\plugins\org.eclipse.justj.openjdk.hotspot.jre.full.win32.x86_64_17.0.4.v20221004-1257\jre\bin"/>
    <property name="sun.java.command" value="C:\Users\Chael_\AppData\Local\Temp\surefire253083673711005060\surefirebooter11160798791431459326.jar C:\Users\Chael_\AppData\Local\Temp\surefire253083673711005060 2022-11-08T01-06-04_447-jvmRun1 surefire10721916611032568843tmp surefire_014921692943994301266tmp"/>
    <property name="jdk.debug" value="release"/>
    <property name="surefire.test.class.path" value="C:\Users\Chael_\eclipse-workspace\project\target\test-classes;C:\Users\Chael_\eclipse-workspace\project\target\classes;C:\Users\Chael_\.m2\repository\org\easymock\easymock\3.0\easymock-3.0.jar;C:\Users\Chael_\.m2\repository\cglib\cglib-nodep\2.2\cglib-nodep-2.2.jar;C:\Users\Chael_\.m2\repository\org\objenesis\objenesis\1.2\objenesis-1.2.jar;C:\Users\Chael_\.m2\repository\org\seleniumhq\selenium\selenium-java\3.13.0\selenium-java-3.13.0.jar;C:\Users\Chael_\.m2\repository\org\seleniumhq\selenium\selenium-api\3.13.0\selenium-api-3.13.0.jar;C:\Users\Chael_\.m2\repository\org\seleniumhq\selenium\selenium-chrome-driver\3.13.0\selenium-chrome-driver-3.13.0.jar;C:\Users\Chael_\.m2\repository\org\seleniumhq\selenium\selenium-edge-driver\3.13.0\selenium-edge-driver-3.13.0.jar;C:\Users\Chael_\.m2\repository\org\seleniumhq\selenium\selenium-firefox-driver\3.13.0\selenium-firefox-driver-3.13.0.jar;C:\Users\Chael_\.m2\repository\org\seleniumhq\selenium\selenium-ie-driver\3.13.0\selenium-ie-driver-3.13.0.jar;C:\Users\Chael_\.m2\repository\org\seleniumhq\selenium\selenium-opera-driver\3.13.0\selenium-opera-driver-3.13.0.jar;C:\Users\Chael_\.m2\repository\org\seleniumhq\selenium\selenium-remote-driver\3.13.0\selenium-remote-driver-3.13.0.jar;C:\Users\Chael_\.m2\repository\org\seleniumhq\selenium\selenium-safari-driver\3.13.0\selenium-safari-driver-3.13.0.jar;C:\Users\Chael_\.m2\repository\org\seleniumhq\selenium\selenium-support\3.13.0\selenium-support-3.13.0.jar;C:\Users\Chael_\.m2\repository\net\bytebuddy\byte-buddy\1.8.3\byte-buddy-1.8.3.jar;C:\Users\Chael_\.m2\repository\org\apache\commons\commons-exec\1.3\commons-exec-1.3.jar;C:\Users\Chael_\.m2\repository\commons-codec\commons-codec\1.10\commons-codec-1.10.jar;C:\Users\Chael_\.m2\repository\commons-logging\commons-logging\1.2\commons-logging-1.2.jar;C:\Users\Chael_\.m2\repository\com\google\code\gson\gson\2.8.4\gson-2.8.4.jar;C:\Users\Chael_\.m2\repository\com\google\guava\guava\25.0-jre\guava-25.0-jre.jar;C:\Users\Chael_\.m2\repository\com\google\code\findbugs\jsr305\1.3.9\jsr305-1.3.9.jar;C:\Users\Chael_\.m2\repository\org\checkerframework\checker-compat-qual\2.0.0\checker-compat-qual-2.0.0.jar;C:\Users\Chael_\.m2\repository\com\google\errorprone\error_prone_annotations\2.1.3\error_prone_annotations-2.1.3.jar;C:\Users\Chael_\.m2\repository\com\google\j2objc\j2objc-annotations\1.1\j2objc-annotations-1.1.jar;C:\Users\Chael_\.m2\repository\org\codehaus\mojo\animal-sniffer-annotations\1.14\animal-sniffer-annotations-1.14.jar;C:\Users\Chael_\.m2\repository\org\apache\httpcomponents\httpclient\4.5.5\httpclient-4.5.5.jar;C:\Users\Chael_\.m2\repository\org\apache\httpcomponents\httpcore\4.4.9\httpcore-4.4.9.jar;C:\Users\Chael_\.m2\repository\com\squareup\okhttp3\okhttp\3.10.0\okhttp-3.10.0.jar;C:\Users\Chael_\.m2\repository\com\squareup\okio\okio\1.14.1\okio-1.14.1.jar;C:\Users\Chael_\.m2\repository\org\testng\testng\6.13.1\testng-6.13.1.jar;C:\Users\Chael_\.m2\repository\com\beust\jcommander\1.72\jcommander-1.72.jar;C:\Users\Chael_\.m2\repository\org\assertj\assertj-core\3.20.2\assertj-core-3.20.2.jar;C:\Users\Chael_\.m2\repository\junit\junit\4.12\junit-4.12.jar;C:\Users\Chael_\.m2\repository\org\hamcrest\hamcrest-library\1.3\hamcrest-library-1.3.jar;C:\Users\Chael_\.m2\repository\org\hamcrest\hamcrest-core\1.3\hamcrest-core-1.3.jar;"/>
    <property name="sun.cpu.endian" value="little"/>
    <property name="user.home" value="C:\Users\Chael_"/>
    <property name="user.language" value="ko"/>
    <property name="java.specification.vendor" value="Oracle Corporation"/>
    <property name="java.version.date" value="2022-08-12"/>
    <property name="java.home" value="C:\Users\Chael_\.p2\pool\plugins\org.eclipse.justj.openjdk.hotspot.jre.full.win32.x86_64_17.0.4.v20221004-1257\jre"/>
    <property name="file.separator" value="\"/>
    <property name="style.color" value="always"/>
    <property name="basedir" value="C:\Users\Chael_\eclipse-workspace\project"/>
    <property name="java.vm.compressedOopsMode" value="Zero based"/>
    <property name="line.separator" value="&#10;"/>
    <property name="java.vm.specification.vendor" value="Oracle Corporation"/>
    <property name="java.specification.name" value="Java Platform API Specification"/>
    <property name="surefire.real.class.path" value="C:\Users\Chael_\AppData\Local\Temp\surefire253083673711005060\surefirebooter11160798791431459326.jar"/>
    <property name="user.script" value=""/>
    <property name="sun.management.compiler" value="HotSpot 64-Bit Tiered Compilers"/>
    <property name="java.runtime.version" value="17.0.4.1+1"/>
    <property name="user.name" value="Chael_"/>
    <property name="path.separator" value=";"/>
    <property name="os.version" value="10.0"/>
    <property name="java.runtime.name" value="OpenJDK Runtime Environment"/>
    <property name="file.encoding" value="MS949"/>
    <property name="java.vm.name" value="OpenJDK 64-Bit Server VM"/>
    <property name="java.vendor.version" value="Temurin-17.0.4.1+1"/>
    <property name="localRepository" value="C:\Users\Chael_\.m2\repository"/>
    <property name="java.vendor.url.bug" value="https://github.com/adoptium/adoptium-support/issues"/>
    <property name="java.io.tmpdir" value="C:\Users\Chael_\AppData\Local\Temp\"/>
    <property name="java.version" value="17.0.4.1"/>
    <property name="user.dir" value="C:\Users\Chael_\eclipse-workspace\project"/>
    <property name="os.arch" value="amd64"/>
    <property name="java.vm.specification.name" value="Java Virtual Machine Specification"/>
    <property name="sun.os.patch.level" value=""/>
    <property name="native.encoding" value="MS949"/>
    <property name="java.library.path" value="C:\Users\Chael_\.p2\pool\plugins\org.eclipse.justj.openjdk.hotspot.jre.full.win32.x86_64_17.0.4.v20221004-1257\jre\bin;C:\WINDOWS\Sun\Java\bin;C:\WINDOWS\system32;C:\WINDOWS;C:/Program Files/Java/jdk-18.0.2.1/bin/server;C:/Program Files/Java/jdk-18.0.2.1/bin;C:\Program Files\Common Files\Oracle\Java\javapath;C:\WINDOWS\system32;C:\WINDOWS;C:\WINDOWS\System32\Wbem;C:\WINDOWS\System32\WindowsPowerShell\v1.0\;C:\WINDOWS\System32\OpenSSH\;C:\Program Files (x86)\NVIDIA Corporation\PhysX\Common;C:\Program Files\NVIDIA Corporation\NVIDIA NvDLISR;C:\Program Files (x86)\Microsoft VS Code\bin;C:\WINDOWS\system32;C:\WINDOWS;C:\WINDOWS\System32\Wbem;C:\WINDOWS\System32\WindowsPowerShell\v1.0\;C:\WINDOWS\System32\OpenSSH\;C:\Program Files\Microsoft SQL Server\120\Tools\Binn\;C:\Program Files\dotnet\;C:\Users\Chael_\AppData\Local\Microsoft\WindowsApps;;C:\WINDOWS\System32;;."/>
    <property name="java.vm.info" value="mixed mode"/>
    <property name="java.vendor" value="Eclipse Adoptium"/>
    <property name="java.vm.version" value="17.0.4.1+1"/>
    <property name="sun.io.unicode.encoding" value="UnicodeLittle"/>
    <property name="java.class.version" value="61.0"/>
  </properties>
  <testcase name="testIsNotNull" classname="project.TestAccountService" time="0.01"/>
  <testcase name="testIsRightCreditReceiver" classname="project.TestAccountService" time="0"/>
  <testcase name="testIsRightCreditSender" classname="project.TestAccountService" time="0"/>
  <testcase name="testTransferOk" classname="project.TestAccountService" time="0"/>
</testsuite>