<?xml version="1.0" encoding="UTF-8"?>
<!-- Generated by org.testng.reporters.JUnitReportReporter -->
<testsuite hostname="Chael" failures="0" tests="1" name="project.TestIsNotNull" time="0.008" errors="0" timestamp="07 11ì›” 2022 16:05:07 GMT" skipped="0">
  <testcase classname="project.TestIsNotNull" name="testIsNotNull" time="0.008"/>
</testsuite> <!-- project.TestIsNotNull -->
